Performing C SOURCE FILE Test CMAKE_HAVE_LIBC_PTHREAD failed with the following output:
Change Dir: /home/lidart/catkin_ws/build/CMakeFiles/CMakeTmp

Run Build Command(s):/usr/bin/make cmTC_99020/fast && /usr/bin/make -f CMakeFiles/cmTC_99020.dir/build.make CMakeFiles/cmTC_99020.dir/build
make[1]: Entering directory '/home/lidart/catkin_ws/build/CMakeFiles/CMakeTmp'
Building C object CMakeFiles/cmTC_99020.dir/src.c.o
/usr/bin/cc   -DCMAKE_HAVE_LIBC_PTHREAD   -o CMakeFiles/cmTC_99020.dir/src.c.o   -c /home/lidart/catkin_ws/build/CMakeFiles/CMakeTmp/src.c
Linking C executable cmTC_99020
/usr/bin/cmake -E cmake_link_script CMakeFiles/cmTC_99020.dir/link.txt --verbose=1
/usr/bin/cc  -DCMAKE_HAVE_LIBC_PTHREAD    -rdynamic CMakeFiles/cmTC_99020.dir/src.c.o  -o cmTC_99020 
/usr/bin/ld: CMakeFiles/cmTC_99020.dir/src.c.o: in function `main':
src.c:(.text+0x46): undefined reference to `pthread_create'
/usr/bin/ld: src.c:(.text+0x52): undefined reference to `pthread_detach'
/usr/bin/ld: src.c:(.text+0x63): undefined reference to `pthread_join'
collect2: error: ld returned 1 exit status
make[1]: *** [CMakeFiles/cmTC_99020.dir/build.make:87: cmTC_99020] Error 1
make[1]: Leaving directory '/home/lidart/catkin_ws/build/CMakeFiles/CMakeTmp'
make: *** [Makefile:121: cmTC_99020/fast] Error 2


Source file was:
#include <pthread.h>

void* test_func(void* data)
{
  return data;
}

int main(void)
{
  pthread_t thread;
  pthread_create(&thread, NULL, test_func, NULL);
  pthread_detach(thread);
  pthread_join(thread, NULL);
  pthread_atfork(NULL, NULL, NULL);
  pthread_exit(NULL);

  return 0;
}

Determining if the function pthread_create exists in the pthreads failed with the following output:
Change Dir: /home/lidart/catkin_ws/build/CMakeFiles/CMakeTmp

Run Build Command(s):/usr/bin/make cmTC_ceb0f/fast && /usr/bin/make -f CMakeFiles/cmTC_ceb0f.dir/build.make CMakeFiles/cmTC_ceb0f.dir/build
make[1]: Entering directory '/home/lidart/catkin_ws/build/CMakeFiles/CMakeTmp'
Building C object CMakeFiles/cmTC_ceb0f.dir/CheckFunctionExists.c.o
/usr/bin/cc   -DCHECK_FUNCTION_EXISTS=pthread_create   -o CMakeFiles/cmTC_ceb0f.dir/CheckFunctionExists.c.o   -c /usr/share/cmake-3.16/Modules/CheckFunctionExists.c
Linking C executable cmTC_ceb0f
/usr/bin/cmake -E cmake_link_script CMakeFiles/cmTC_ceb0f.dir/link.txt --verbose=1
/usr/bin/cc  -DCHECK_FUNCTION_EXISTS=pthread_create    -rdynamic CMakeFiles/cmTC_ceb0f.dir/CheckFunctionExists.c.o  -o cmTC_ceb0f  -lpthreads 
/usr/bin/ld: cannot find -lpthreads
collect2: error: ld returned 1 exit status
make[1]: *** [CMakeFiles/cmTC_ceb0f.dir/build.make:87: cmTC_ceb0f] Error 1
make[1]: Leaving directory '/home/lidart/catkin_ws/build/CMakeFiles/CMakeTmp'
make: *** [Makefile:121: cmTC_ceb0f/fast] Error 2



Determining if the include file ueye.h exists failed with the following output:
Change Dir: /home/lidart/catkin_ws/build/CMakeFiles/CMakeTmp

Run Build Command(s):/usr/bin/make cmTC_24aa1/fast && /usr/bin/make -f CMakeFiles/cmTC_24aa1.dir/build.make CMakeFiles/cmTC_24aa1.dir/build
make[1]: Entering directory '/home/lidart/catkin_ws/build/CMakeFiles/CMakeTmp'
Building CXX object CMakeFiles/cmTC_24aa1.dir/CheckIncludeFile.cxx.o
/usr/bin/c++    -std=c++11 -Wall -g    -o CMakeFiles/cmTC_24aa1.dir/CheckIncludeFile.cxx.o -c /home/lidart/catkin_ws/build/CMakeFiles/CMakeTmp/CheckIncludeFile.cxx
/home/lidart/catkin_ws/build/CMakeFiles/CMakeTmp/CheckIncludeFile.cxx:1:10: fatal error: ueye.h: No such file or directory
    1 | #include <ueye.h>
      |          ^~~~~~~~
compilation terminated.
make[1]: *** [CMakeFiles/cmTC_24aa1.dir/build.make:66: CMakeFiles/cmTC_24aa1.dir/CheckIncludeFile.cxx.o] Error 1
make[1]: Leaving directory '/home/lidart/catkin_ws/build/CMakeFiles/CMakeTmp'
make: *** [Makefile:121: cmTC_24aa1/fast] Error 2



